<?xml version="1.0" encoding="UTF-8"?>
<!-- Generated by org.testng.reporters.JUnitXMLReporter -->
<testsuite ignored="0" hostname="LAPTOP-LPFFONSL" failures="1" tests="1" name="LoginTests" time="3.054" errors="0" timestamp="2025-03-31T13:26:25 CEST">
  <testcase classname="tests.LoginTest" name="testValidation" time="0.5">
    <failure type="java.lang.AssertionError" message="expected [Just a moment...] but found [nopCommerce demo store. Login]">
      <![CDATA[java.lang.AssertionError: expected [Just a moment...] but found [nopCommerce demo store. Login]
at tests.LoginTest.testValidation(LoginTest.java:17)
at java.base/java.util.ArrayList.forEach(ArrayList.java:1511)
... Removed 33 stack frames]]>
    </failure>
  </testcase> <!-- testValidation -->
</testsuite> <!-- LoginTests -->
